This file contains any messages produced by compilers while
running configure, to aid debugging if configure makes a mistake.

It was created by FronTier configure 1.0, which was
generated by GNU Autoconf 2.63.  Invocation command line was

  $ ./configure --with-openmpi=/nfs/scratch/lib/openmpi/include

## --------- ##
## Platform. ##
## --------- ##

hostname = dontpanic
uname -m = x86_64
uname -r = 2.6.32-5-amd64
uname -s = Linux
uname -v = #1 SMP Tue May 13 16:34:35 UTC 2014

/usr/bin/uname -p = unknown
/bin/uname -X     = unknown

/bin/arch              = unknown
/usr/bin/arch -k       = unknown
/usr/convex/getsysinfo = unknown
/usr/bin/hostinfo      = unknown
/bin/machine           = unknown
/usr/bin/oslevel       = unknown
/bin/universe          = unknown

PATH: /nfs/scratch/jmelvin/lib/openmpi/bin
PATH: /usr/local/bin
PATH: /usr/bin
PATH: /bin
PATH: /usr/local/games
PATH: /usr/games
PATH: /usr/local/pkg/torque/bin
PATH: /usr/local/bin
PATH: /usr/bin
PATH: /bin
PATH: /usr/bin/X11
PATH: /usr/games


## ----------- ##
## Core tests. ##
## ----------- ##

configure:1949: checking for ranlib
configure:1965: found /usr/bin/ranlib
configure:1976: result: ranlib
configure:2043: checking for a BSD-compatible install
configure:2111: result: /usr/bin/install -c
configure:2128: checking build system type
configure:2146: result: x86_64-unknown-linux-gnu
configure:2172: checking for gawk
configure:2202: result: no
configure:2172: checking for mawk
configure:2188: found /usr/bin/mawk
configure:2199: result: mawk
configure:2443: checking for C compiler version
configure:2451: /nfs/scratch/jmelvin/lib/openmpi/bin/mpicc --version >&5
gcc (Debian 4.4.5-8) 4.4.5
Copyright (C) 2010 Free Software Foundation, Inc.
This is free software; see the source for copying conditions.  There is NO
warranty; not even for MERCHANTABILITY or FITNESS FOR A PARTICULAR PURPOSE.

configure:2455: $? = 0
configure:2462: /nfs/scratch/jmelvin/lib/openmpi/bin/mpicc -v >&5
Using built-in specs.
Target: x86_64-linux-gnu
Configured with: ../src/configure -v --with-pkgversion='Debian 4.4.5-8' --with-bugurl=file:///usr/share/doc/gcc-4.4/README.Bugs --enable-languages=c,c++,fortran,objc,obj-c++ --prefix=/usr --program-suffix=-4.4 --enable-shared --enable-multiarch --enable-linker-build-id --with-system-zlib --libexecdir=/usr/lib --without-included-gettext --enable-threads=posix --with-gxx-include-dir=/usr/include/c++/4.4 --libdir=/usr/lib --enable-nls --enable-clocale=gnu --enable-libstdcxx-debug --enable-objc-gc --with-arch-32=i586 --with-tune=generic --enable-checking=release --build=x86_64-linux-gnu --host=x86_64-linux-gnu --target=x86_64-linux-gnu
Thread model: posix
gcc version 4.4.5 (Debian 4.4.5-8) 
configure:2466: $? = 0
configure:2473: /nfs/scratch/jmelvin/lib/openmpi/bin/mpicc -V >&5
gcc: '-V' option must have argument
configure:2477: $? = 1
configure:2500: checking for C compiler default output file name
configure:2522: /nfs/scratch/jmelvin/lib/openmpi/bin/mpicc    conftest.c  >&5
configure:2526: $? = 0
configure:2564: result: a.out
configure:2583: checking whether the C compiler works
configure:2593: ./a.out
configure:2597: $? = 0
configure:2616: result: yes
configure:2623: checking whether we are cross compiling
configure:2625: result: no
configure:2628: checking for suffix of executables
configure:2635: /nfs/scratch/jmelvin/lib/openmpi/bin/mpicc -o conftest    conftest.c  >&5
configure:2639: $? = 0
configure:2665: result: 
configure:2671: checking for suffix of object files
configure:2697: /nfs/scratch/jmelvin/lib/openmpi/bin/mpicc -c   conftest.c >&5
configure:2701: $? = 0
configure:2726: result: o
configure:2730: checking whether we are using the GNU C compiler
configure:2759: /nfs/scratch/jmelvin/lib/openmpi/bin/mpicc -c   conftest.c >&5
configure:2766: $? = 0
configure:2783: result: yes
configure:2792: checking whether /nfs/scratch/jmelvin/lib/openmpi/bin/mpicc accepts -g
configure:2822: /nfs/scratch/jmelvin/lib/openmpi/bin/mpicc -c -g  conftest.c >&5
configure:2829: $? = 0
configure:2930: result: yes
configure:2947: checking for /nfs/scratch/jmelvin/lib/openmpi/bin/mpicc option to accept ISO C89
configure:3021: /nfs/scratch/jmelvin/lib/openmpi/bin/mpicc  -c -g -O2  conftest.c >&5
configure:3028: $? = 0
configure:3051: result: none needed
configure:3181: checking for C++ compiler version
configure:3189: /nfs/scratch/jmelvin/lib/openmpi/bin/mpicxx --version >&5
g++ (Debian 4.4.5-8) 4.4.5
Copyright (C) 2010 Free Software Foundation, Inc.
This is free software; see the source for copying conditions.  There is NO
warranty; not even for MERCHANTABILITY or FITNESS FOR A PARTICULAR PURPOSE.

configure:3193: $? = 0
configure:3200: /nfs/scratch/jmelvin/lib/openmpi/bin/mpicxx -v >&5
Using built-in specs.
Target: x86_64-linux-gnu
Configured with: ../src/configure -v --with-pkgversion='Debian 4.4.5-8' --with-bugurl=file:///usr/share/doc/gcc-4.4/README.Bugs --enable-languages=c,c++,fortran,objc,obj-c++ --prefix=/usr --program-suffix=-4.4 --enable-shared --enable-multiarch --enable-linker-build-id --with-system-zlib --libexecdir=/usr/lib --without-included-gettext --enable-threads=posix --with-gxx-include-dir=/usr/include/c++/4.4 --libdir=/usr/lib --enable-nls --enable-clocale=gnu --enable-libstdcxx-debug --enable-objc-gc --with-arch-32=i586 --with-tune=generic --enable-checking=release --build=x86_64-linux-gnu --host=x86_64-linux-gnu --target=x86_64-linux-gnu
Thread model: posix
gcc version 4.4.5 (Debian 4.4.5-8) 
configure:3204: $? = 0
configure:3211: /nfs/scratch/jmelvin/lib/openmpi/bin/mpicxx -V >&5
g++: '-V' option must have argument
configure:3215: $? = 1
configure:3218: checking whether we are using the GNU C++ compiler
configure:3247: /nfs/scratch/jmelvin/lib/openmpi/bin/mpicxx -c   conftest.cpp >&5
configure:3254: $? = 0
configure:3271: result: yes
configure:3280: checking whether /nfs/scratch/jmelvin/lib/openmpi/bin/mpicxx accepts -g
configure:3310: /nfs/scratch/jmelvin/lib/openmpi/bin/mpicxx -c -g  conftest.cpp >&5
configure:3317: $? = 0
configure:3418: result: yes
configure:3547: checking for Fortran 77 compiler version
configure:3555: /nfs/scratch/jmelvin/lib/openmpi/bin/mpif77 --version >&5
GNU Fortran (Debian 4.4.5-8) 4.4.5
Copyright (C) 2010 Free Software Foundation, Inc.

GNU Fortran comes with NO WARRANTY, to the extent permitted by law.
You may redistribute copies of GNU Fortran
under the terms of the GNU General Public License.
For more information about these matters, see the file named COPYING

configure:3559: $? = 0
configure:3566: /nfs/scratch/jmelvin/lib/openmpi/bin/mpif77 -v >&5
Using built-in specs.
Target: x86_64-linux-gnu
Configured with: ../src/configure -v --with-pkgversion='Debian 4.4.5-8' --with-bugurl=file:///usr/share/doc/gcc-4.4/README.Bugs --enable-languages=c,c++,fortran,objc,obj-c++ --prefix=/usr --program-suffix=-4.4 --enable-shared --enable-multiarch --enable-linker-build-id --with-system-zlib --libexecdir=/usr/lib --without-included-gettext --enable-threads=posix --with-gxx-include-dir=/usr/include/c++/4.4 --libdir=/usr/lib --enable-nls --enable-clocale=gnu --enable-libstdcxx-debug --enable-objc-gc --with-arch-32=i586 --with-tune=generic --enable-checking=release --build=x86_64-linux-gnu --host=x86_64-linux-gnu --target=x86_64-linux-gnu
Thread model: posix
gcc version 4.4.5 (Debian 4.4.5-8) 
configure:3570: $? = 0
configure:3577: /nfs/scratch/jmelvin/lib/openmpi/bin/mpif77 -V >&5
gfortran: '-V' option must have argument
configure:3581: $? = 1
configure:3589: checking whether we are using the GNU Fortran 77 compiler
configure:3608: /nfs/scratch/jmelvin/lib/openmpi/bin/mpif77 -c  conftest.F >&5
configure:3615: $? = 0
configure:3632: result: yes
configure:3638: checking whether /nfs/scratch/jmelvin/lib/openmpi/bin/mpif77 accepts -g
configure:3655: /nfs/scratch/jmelvin/lib/openmpi/bin/mpif77 -c -g conftest.f >&5
configure:3662: $? = 0
configure:3678: result: yes
configure:3768: checking how to run the C preprocessor
configure:3808: /nfs/scratch/jmelvin/lib/openmpi/bin/mpicc -E  conftest.c
configure:3815: $? = 0
configure:3846: /nfs/scratch/jmelvin/lib/openmpi/bin/mpicc -E  conftest.c
conftest.c:8:28: error: ac_nonexistent.h: No such file or directory
configure:3853: $? = 1
configure: failed program was:
| /* confdefs.h.  */
| #define PACKAGE_NAME "FronTier"
| #define PACKAGE_TARNAME "frontier"
| #define PACKAGE_VERSION "1.0"
| #define PACKAGE_STRING "FronTier 1.0"
| #define PACKAGE_BUGREPORT ""
| /* end confdefs.h.  */
| #include <ac_nonexistent.h>
configure:3886: result: /nfs/scratch/jmelvin/lib/openmpi/bin/mpicc -E
configure:3915: /nfs/scratch/jmelvin/lib/openmpi/bin/mpicc -E  conftest.c
configure:3922: $? = 0
configure:3953: /nfs/scratch/jmelvin/lib/openmpi/bin/mpicc -E  conftest.c
conftest.c:8:28: error: ac_nonexistent.h: No such file or directory
configure:3960: $? = 1
configure: failed program was:
| /* confdefs.h.  */
| #define PACKAGE_NAME "FronTier"
| #define PACKAGE_TARNAME "frontier"
| #define PACKAGE_VERSION "1.0"
| #define PACKAGE_STRING "FronTier 1.0"
| #define PACKAGE_BUGREPORT ""
| /* end confdefs.h.  */
| #include <ac_nonexistent.h>
configure:4000: checking for grep that handles long lines and -e
configure:4060: result: /bin/grep
configure:4065: checking for egrep
configure:4129: result: /bin/grep -E
configure:4134: checking for ANSI C header files
configure:4164: /nfs/scratch/jmelvin/lib/openmpi/bin/mpicc -c -g -O2  conftest.c >&5
configure:4171: $? = 0
configure:4270: /nfs/scratch/jmelvin/lib/openmpi/bin/mpicc -o conftest -g -O2   conftest.c  >&5
configure:4274: $? = 0
configure:4280: ./conftest
configure:4284: $? = 0
configure:4302: result: yes
configure:4326: checking for sys/types.h
configure:4347: /nfs/scratch/jmelvin/lib/openmpi/bin/mpicc -c -g -O2  conftest.c >&5
configure:4354: $? = 0
configure:4371: result: yes
configure:4326: checking for sys/stat.h
configure:4347: /nfs/scratch/jmelvin/lib/openmpi/bin/mpicc -c -g -O2  conftest.c >&5
configure:4354: $? = 0
configure:4371: result: yes
configure:4326: checking for stdlib.h
configure:4347: /nfs/scratch/jmelvin/lib/openmpi/bin/mpicc -c -g -O2  conftest.c >&5
configure:4354: $? = 0
configure:4371: result: yes
configure:4326: checking for string.h
configure:4347: /nfs/scratch/jmelvin/lib/openmpi/bin/mpicc -c -g -O2  conftest.c >&5
configure:4354: $? = 0
configure:4371: result: yes
configure:4326: checking for memory.h
configure:4347: /nfs/scratch/jmelvin/lib/openmpi/bin/mpicc -c -g -O2  conftest.c >&5
configure:4354: $? = 0
configure:4371: result: yes
configure:4326: checking for strings.h
configure:4347: /nfs/scratch/jmelvin/lib/openmpi/bin/mpicc -c -g -O2  conftest.c >&5
configure:4354: $? = 0
configure:4371: result: yes
configure:4326: checking for inttypes.h
configure:4347: /nfs/scratch/jmelvin/lib/openmpi/bin/mpicc -c -g -O2  conftest.c >&5
configure:4354: $? = 0
configure:4371: result: yes
configure:4326: checking for stdint.h
configure:4347: /nfs/scratch/jmelvin/lib/openmpi/bin/mpicc -c -g -O2  conftest.c >&5
configure:4354: $? = 0
configure:4371: result: yes
configure:4326: checking for unistd.h
configure:4347: /nfs/scratch/jmelvin/lib/openmpi/bin/mpicc -c -g -O2  conftest.c >&5
configure:4354: $? = 0
configure:4371: result: yes
configure:4395: checking malloc.h usability
configure:4412: /nfs/scratch/jmelvin/lib/openmpi/bin/mpicc -c -g -O2  conftest.c >&5
configure:4419: $? = 0
configure:4433: result: yes
configure:4437: checking malloc.h presence
configure:4452: /nfs/scratch/jmelvin/lib/openmpi/bin/mpicc -E  conftest.c
configure:4459: $? = 0
configure:4473: result: yes
configure:4501: checking for malloc.h
configure:4508: result: yes
configure:4666: checking for malloc
configure:4722: /nfs/scratch/jmelvin/lib/openmpi/bin/mpicc -o conftest -g -O2   conftest.c  >&5
conftest.c:41: warning: conflicting types for built-in function 'malloc'
configure:4729: $? = 0
configure:4749: result: yes
configure:4775: checking for feenableexcept in -lm
configure:4810: /nfs/scratch/jmelvin/lib/openmpi/bin/mpicc -o conftest -g -O2   conftest.c -lm   >&5
configure:4817: $? = 0
configure:4838: result: yes
configure:4851: checking for main in -lieee
configure:4880: /nfs/scratch/jmelvin/lib/openmpi/bin/mpicc -o conftest -g -O2   conftest.c -lieee   >&5
configure:4887: $? = 0
configure:4908: result: yes
configure:4919: checking for main in -lhdf
configure:4948: /nfs/scratch/jmelvin/lib/openmpi/bin/mpicc -o conftest -g -O2   conftest.c -lhdf  -lieee  >&5
/usr/bin/ld: cannot find -lhdf
collect2: ld returned 1 exit status
configure:4955: $? = 1
configure: failed program was:
| /* confdefs.h.  */
| #define PACKAGE_NAME "FronTier"
| #define PACKAGE_TARNAME "frontier"
| #define PACKAGE_VERSION "1.0"
| #define PACKAGE_STRING "FronTier 1.0"
| #define PACKAGE_BUGREPORT ""
| #define STDC_HEADERS 1
| #define HAVE_SYS_TYPES_H 1
| #define HAVE_SYS_STAT_H 1
| #define HAVE_STDLIB_H 1
| #define HAVE_STRING_H 1
| #define HAVE_MEMORY_H 1
| #define HAVE_STRINGS_H 1
| #define HAVE_INTTYPES_H 1
| #define HAVE_STDINT_H 1
| #define HAVE_UNISTD_H 1
| #define HAVE_LIBIEEE 1
| /* end confdefs.h.  */
| 
| 
| int
| main ()
| {
| return main ();
|   ;
|   return 0;
| }
configure:4976: result: no
configure:6238: checking for basename
configure:6294: /nfs/scratch/jmelvin/lib/openmpi/bin/mpicc -o conftest -g -O2   conftest.c -lieee  >&5
configure:6301: $? = 0
configure:6321: result: yes
configure:6329: checking for dirname
configure:6385: /nfs/scratch/jmelvin/lib/openmpi/bin/mpicc -o conftest -g -O2   conftest.c -lieee  >&5
configure:6392: $? = 0
configure:6412: result: yes
configure:6943: creating ./config.status

## ---------------------- ##
## Running config.status. ##
## ---------------------- ##

This file was extended by FronTier config.status 1.0, which was
generated by GNU Autoconf 2.63.  Invocation command line was

  CONFIG_FILES    = 
  CONFIG_HEADERS  = 
  CONFIG_LINKS    = 
  CONFIG_COMMANDS = 
  $ ./config.status 

on dontpanic

config.status:727: creating Makefile
config.status:727: creating src/Makefile
config.status:727: creating src/util/Makefile
config.status:727: creating src/front/Makefile
config.status:727: creating src/front/check/Makefile
config.status:727: creating src/intfc/Makefile
config.status:727: creating src/pak/linpak/Makefile
config.status:727: creating src/pak/blas/Makefile
config.status:727: creating src/pak/cgnslib_3.0/Makefile
config.status:727: creating src/pak/pcgnslib_0.2.0/Makefile
config.status:727: creating devel-deps.inc
config.status:727: creating iMesh-Defs.inc

## ---------------- ##
## Cache variables. ##
## ---------------- ##

ac_cv_build=x86_64-unknown-linux-gnu
ac_cv_c_compiler_gnu=yes
ac_cv_cxx_compiler_gnu=yes
ac_cv_env_CCC_set=
ac_cv_env_CCC_value=
ac_cv_env_CC_set=set
ac_cv_env_CC_value=/nfs/scratch/jmelvin/lib/openmpi/bin/mpicc
ac_cv_env_CFLAGS_set=
ac_cv_env_CFLAGS_value=
ac_cv_env_CPPFLAGS_set=
ac_cv_env_CPPFLAGS_value=
ac_cv_env_CPP_set=
ac_cv_env_CPP_value=
ac_cv_env_CXXFLAGS_set=
ac_cv_env_CXXFLAGS_value=
ac_cv_env_CXX_set=set
ac_cv_env_CXX_value=/nfs/scratch/jmelvin/lib/openmpi/bin/mpicxx
ac_cv_env_F77_set=set
ac_cv_env_F77_value=/nfs/scratch/jmelvin/lib/openmpi/bin/mpif77
ac_cv_env_FFLAGS_set=
ac_cv_env_FFLAGS_value=
ac_cv_env_LDFLAGS_set=
ac_cv_env_LDFLAGS_value=
ac_cv_env_LIBS_set=
ac_cv_env_LIBS_value=
ac_cv_env_XMKMF_set=
ac_cv_env_XMKMF_value=
ac_cv_env_build_alias_set=
ac_cv_env_build_alias_value=
ac_cv_env_host_alias_set=
ac_cv_env_host_alias_value=
ac_cv_env_target_alias_set=
ac_cv_env_target_alias_value=
ac_cv_f77_compiler_gnu=yes
ac_cv_func_basename=yes
ac_cv_func_dirname=yes
ac_cv_func_malloc=yes
ac_cv_header_inttypes_h=yes
ac_cv_header_malloc_h=yes
ac_cv_header_memory_h=yes
ac_cv_header_stdc=yes
ac_cv_header_stdint_h=yes
ac_cv_header_stdlib_h=yes
ac_cv_header_string_h=yes
ac_cv_header_strings_h=yes
ac_cv_header_sys_stat_h=yes
ac_cv_header_sys_types_h=yes
ac_cv_header_unistd_h=yes
ac_cv_lib_hdf_main=no
ac_cv_lib_ieee_main=yes
ac_cv_lib_m_feenableexcept=yes
ac_cv_objext=o
ac_cv_path_EGREP='/bin/grep -E'
ac_cv_path_GREP=/bin/grep
ac_cv_path_install='/usr/bin/install -c'
ac_cv_prog_AWK=mawk
ac_cv_prog_CPP='/nfs/scratch/jmelvin/lib/openmpi/bin/mpicc -E'
ac_cv_prog_ac_ct_RANLIB=ranlib
ac_cv_prog_cc_c89=
ac_cv_prog_cc_g=yes
ac_cv_prog_cxx_g=yes
ac_cv_prog_f77_g=yes

## ----------------- ##
## Output variables. ##
## ----------------- ##

AWK='mawk'
CC='/nfs/scratch/jmelvin/lib/openmpi/bin/mpicc'
CFLAGS=''
CPP='/nfs/scratch/jmelvin/lib/openmpi/bin/mpicc -E'
CPPFLAGS=''
CXX='/nfs/scratch/jmelvin/lib/openmpi/bin/mpicxx'
CXXFLAGS='-g -O2'
DEFS='-DPACKAGE_NAME=\"FronTier\" -DPACKAGE_TARNAME=\"frontier\" -DPACKAGE_VERSION=\"1.0\" -DPACKAGE_STRING=\"FronTier\ 1.0\" -DPACKAGE_BUGREPORT=\"\" -DSTDC_HEADERS=1 -DHAVE_SYS_TYPES_H=1 -DHAVE_SYS_STAT_H=1 -DHAVE_STDLIB_H=1 -DHAVE_STRING_H=1 -DHAVE_MEMORY_H=1 -DHAVE_STRINGS_H=1 -DHAVE_INTTYPES_H=1 -DHAVE_STDINT_H=1 -DHAVE_UNISTD_H=1 -DHAVE_LIBIEEE=1'
ECHO_C=''
ECHO_N='-n'
ECHO_T=''
EGREP='/bin/grep -E'
EXEEXT=''
F77='/nfs/scratch/jmelvin/lib/openmpi/bin/mpif77'
F77_LIBS=''
FFLAGS='-g -O2  -g  '
GREP='/bin/grep'
INSTALL_DATA='${INSTALL} -m 644'
INSTALL_PROGRAM='${INSTALL}'
INSTALL_SCRIPT='${INSTALL}'
LDFLAGS=''
LIBOBJS=''
LIBS='-lieee '
LTLIBOBJS=''
OBJEXT='o'
PACKAGE_BUGREPORT=''
PACKAGE_NAME='FronTier'
PACKAGE_STRING='FronTier 1.0'
PACKAGE_TARNAME='frontier'
PACKAGE_VERSION='1.0'
PATH_SEPARATOR=':'
PETSC_ARCH=''
PETSC_DIR=''
PETSC_INCLUDE=''
PETSC_LIB=''
RANLIB='ranlib'
SHELL='/bin/bash'
XMKMF=''
ac_ct_CC=''
ac_ct_CXX=''
ac_ct_F77=''
bindir='${exec_prefix}/bin'
build='x86_64-unknown-linux-gnu'
build_alias=''
build_cgns='0'
build_cpu='x86_64'
build_linpak='0'
build_os='linux-gnu'
build_vendor='unknown'
datadir='${datarootdir}'
datarootdir='${prefix}/share'
debugg=' -g '
devel=''
docdir='${datarootdir}/doc/${PACKAGE_TARNAME}'
dutilincs=' -I../.. -I../  -g   -DHAS_FENV    -D__MPI__ -I/nfs/scratch/lib/openmpi/include  '
dvidir='${docdir}'
exampleincs='  -D__MPI__ -I/nfs/scratch/lib/openmpi/include  '
exec_prefix='${prefix}'
ftlibincs=' -I.. -I../util -I../../include  -g   -DDEBUG_CROSSING -DDEBUG_NODE_PROPAGATE -DDEBUG_TRI_GRID  -DONED -DTWOD -DTHREED  -DHAS_FENV    -D__MPI__ -I/nfs/scratch/lib/openmpi/include  '
gasclean=' '
gasincs=' -I. -I../../gas -I../.. -I../../util  -g   -DCHECK_FOR_BAD_STATES -DDEBUG_GRIEMANN -DDEBUG_MUSCL -DDEBUG_POINT_PROPAGATE -DDEBUG_W_SPEED -DFULL_PHYSICS -DMULTI_COMPONENT -DPHASE_CODE   -DDEBUG_CROSSING -DDEBUG_NODE_PROPAGATE -DDEBUG_TRI_GRID  -DONED -DTWOD -DTHREED  -DHAS_FENV    -D__MPI__ -I/nfs/scratch/lib/openmpi/include  '
gass=' '
headers='include/FronTier/util/plotdecs.h include/FronTier/util/cdecs.h include/FronTier/util/uprotos.h include/FronTier/util/navdecs.h include/FronTier/util/vmalloc.h include/FronTier/util/fnamedebug.h include/FronTier/intfc/ilocprotos.h include/FronTier/intfc/iprotos.h include/FronTier/intfc/iMeshP.h include/FronTier/intfc/int.h include/FronTier/intfc/iGeom.h include/FronTier/intfc/iBase.h include/FronTier/intfc/geom.h include/FronTier/intfc/iTaps.h include/FronTier/intfc/userint.h include/FronTier/intfc/iMesh.h include/FronTier/intfc/triangledefs.h include/FronTier/intfc/int_amr.h include/FronTier/intfc/iRel.h include/FronTier/intfc/iloc.h include/FronTier/intfc/table.h include/FronTier/intfc/array.h include/FronTier/front/fapi.h include/FronTier/front/fprotos.h include/FronTier/front/fpatrecon.h include/FronTier/front/fdecs.h include/FronTier/front/fuserint.h include/FronTier/front/ftapi.h include/FronTier/front/frp.h include/FronTier/front/fvelo.h '
host_alias=''
htmldir='${docdir}'
hypre=' '
hypreprefix=''
iFluid=''
include_dirs='include/FronTier/intfc include/FronTier/front include/FronTier/util'
includedir='${prefix}/include'
infodir='${datarootdir}/info'
libdir='${exec_prefix}/lib'
libexecdir='${exec_prefix}/libexec'
libext=''
localedir='${datarootdir}/locale'
localstatedir='${prefix}/var'
mandir='${datarootdir}/man'
name=''
oldincludedir='/usr/include'
otherlibs=' -lmpi -lmpi_cxx  '
otherlibsinc=' -L/nfs/scratch/lib/openmpi/include/lib '
pdfdir='${docdir}'
prefix='/usr/local'
program_transform_name='s,x,x,'
psdir='${docdir}'
randy='ranlib'
sbindir='${exec_prefix}/sbin'
sharedstatedir='${prefix}/com'
sn_ellip=' '
sysconfdir='${prefix}/etc'
target_alias=''
tsttyesornoo=''
utilincs=' -I../.. -I../  -g   -DHAS_FENV    -D__MPI__ -I/nfs/scratch/lib/openmpi/include  '

## ------------------- ##
## File substitutions. ##
## ------------------- ##

ftbuild='./src/util/ftrules'
gasbuild='./src/util/gasrules'

## ----------- ##
## confdefs.h. ##
## ----------- ##

#define PACKAGE_NAME "FronTier"
#define PACKAGE_TARNAME "frontier"
#define PACKAGE_VERSION "1.0"
#define PACKAGE_STRING "FronTier 1.0"
#define PACKAGE_BUGREPORT ""
#define STDC_HEADERS 1
#define HAVE_SYS_TYPES_H 1
#define HAVE_SYS_STAT_H 1
#define HAVE_STDLIB_H 1
#define HAVE_STRING_H 1
#define HAVE_MEMORY_H 1
#define HAVE_STRINGS_H 1
#define HAVE_INTTYPES_H 1
#define HAVE_STDINT_H 1
#define HAVE_UNISTD_H 1
#define HAVE_LIBIEEE 1

configure: exit 0
